ago. 31, 2025 9:54:25 PM liquibase.changelog
INFO: Reading resource: db/changelog/migrations/db.changelog-202408191938.sql
ago. 31, 2025 9:54:25 PM liquibase.changelog
INFO: Reading resource: db/changelog/migrations/db.changelog-202408210954.sql
ago. 31, 2025 9:54:25 PM liquibase.changelog
INFO: Reading resource: db/changelog/migrations/db.changelog-202408211004.sql
ago. 31, 2025 9:54:25 PM liquibase.changelog
INFO: Reading resource: db/changelog/migrations/db.changelog-202408211005.sql
ago. 31, 2025 9:54:25 PM liquibase.changelog
INFO: Reading resource: db/changelog/migrations/db.changelog-202408281807.sql
ago. 31, 2025 9:54:25 PM liquibase.changelog
INFO: Creating database history table with name: board.databasechangelog
ago. 31, 2025 9:54:26 PM liquibase.changelog
INFO: Reading from board.databasechangelog
ago. 31, 2025 9:54:26 PM liquibase.lockservice
INFO: Successfully acquired change log lock
ago. 31, 2025 9:54:26 PM liquibase.command
INFO: Using deploymentId: 6688066237
ago. 31, 2025 9:54:26 PM liquibase.changelog
INFO: Reading from board.databasechangelog
Running Changeset: db/changelog/migrations/db.changelog-202408191938.sql::202408191938::junior
ago. 31, 2025 9:54:26 PM liquibase.changelog
INFO: Custom SQL executed
ago. 31, 2025 9:54:26 PM liquibase.changelog
INFO: ChangeSet db/changelog/migrations/db.changelog-202408191938.sql::202408191938::junior ran successfully in 29ms
Running Changeset: db/changelog/migrations/db.changelog-202408210954.sql::202408191938::junior
ago. 31, 2025 9:54:26 PM liquibase.changelog
INFO: Custom SQL executed
ago. 31, 2025 9:54:26 PM liquibase.changelog
INFO: ChangeSet db/changelog/migrations/db.changelog-202408210954.sql::202408191938::junior ran successfully in 39ms
Running Changeset: db/changelog/migrations/db.changelog-202408211004.sql::202408191938::junior
ago. 31, 2025 9:54:26 PM liquibase.changelog
INFO: Custom SQL executed
ago. 31, 2025 9:54:26 PM liquibase.changelog
INFO: ChangeSet db/changelog/migrations/db.changelog-202408211004.sql::202408191938::junior ran successfully in 38ms
Running Changeset: db/changelog/migrations/db.changelog-202408211005.sql::202408191938::junior
ago. 31, 2025 9:54:26 PM liquibase.changelog
INFO: Custom SQL executed
ago. 31, 2025 9:54:26 PM liquibase.changelog
INFO: ChangeSet db/changelog/migrations/db.changelog-202408211005.sql::202408191938::junior ran successfully in 38ms
Running Changeset: db/changelog/migrations/db.changelog-202408281807.sql::202408191938::junior
ago. 31, 2025 9:54:26 PM liquibase.changelog
INFO: Custom SQL executed
ago. 31, 2025 9:54:26 PM liquibase.changelog
INFO: ChangeSet db/changelog/migrations/db.changelog-202408281807.sql::202408191938::junior ran successfully in 61ms

UPDATE SUMMARY
Run:                          5
Previously run:               0
Filtered out:                 0
-------------------------------
Total change sets:            5

ago. 31, 2025 9:54:26 PM liquibase.util
INFO: UPDATE SUMMARY
ago. 31, 2025 9:54:26 PM liquibase.util
INFO: Run:                          5
ago. 31, 2025 9:54:26 PM liquibase.util
INFO: Previously run:               0
ago. 31, 2025 9:54:26 PM liquibase.util
INFO: Filtered out:                 0
ago. 31, 2025 9:54:26 PM liquibase.util
INFO: -------------------------------
ago. 31, 2025 9:54:26 PM liquibase.util
INFO: Total change sets:            5
ago. 31, 2025 9:54:26 PM liquibase.util
INFO: Update summary generated
ago. 31, 2025 9:54:26 PM liquibase.command
INFO: Update command completed successfully.
Liquibase: Update has been successful. Rows affected: 5
ago. 31, 2025 9:54:26 PM liquibase.lockservice
INFO: Successfully released change log lock
ago. 31, 2025 9:54:26 PM liquibase.command
INFO: Command execution complete
